  [1m[35m (820.8ms)[0m  [1m[35mCREATE DATABASE "routes_controllers_views_params_sam_elijah_development" ENCODING = 'unicode'[0m
  [1m[35m (305.1ms)[0m  [1m[35mCREATE DATABASE "routes_controllers_views_params_sam_elijah_test" ENCODING = 'unicode'[0m
Started GET "/" for ::1 at 2022-09-06 14:01:34 -0700
Processing by Rails::WelcomeController#index as HTML
  Rendering /Users/learnacademy/.rvm/gems/ruby-3.0.0/gems/railties-7.0.3.1/lib/rails/templates/rails/welcome/index.html.erb
  Rendered /Users/learnacademy/.rvm/gems/ruby-3.0.0/gems/railties-7.0.3.1/lib/rails/templates/rails/welcome/index.html.erb (Duration: 5.9ms | Allocations: 753)
Completed 200 OK in 74ms (Views: 31.0ms | ActiveRecord: 0.0ms | Allocations: 7127)


Started GET "/homepage" for ::1 at 2022-09-06 14:05:46 -0700
  
ActionController::RoutingError (No route matches [GET] "/homepage"):
  
Started GET "/homepage" for ::1 at 2022-09-06 14:05:59 -0700
  
ActionController::RoutingError (No route matches [GET] "/homepage"):
  
Started GET "/homepage" for ::1 at 2022-09-06 14:06:02 -0700
  
ActionController::RoutingError (No route matches [GET] "/homepage"):
  
Started GET "/homepage" for ::1 at 2022-09-06 14:06:08 -0700
  
ActionController::RoutingError (No route matches [GET] "/homepage"):
  
Started GET "/homepage" for ::1 at 2022-09-06 14:07:54 -0700
Processing by MainController#homepage as HTML
  Rendering html template
  Rendered html template (Duration: 0.1ms | Allocations: 7)
Completed 200 OK in 27ms (Views: 8.9ms | ActiveRecord: 0.0ms | Allocations: 3439)


Started GET "/" for ::1 at 2022-09-06 14:09:36 -0700
Processing by MainController#homepage as HTML
  Rendering html template
  Rendered html template (Duration: 0.1ms | Allocations: 3)
Completed 200 OK in 35ms (Views: 27.7ms | ActiveRecord: 0.0ms | Allocations: 693)


Started GET "/" for ::1 at 2022-09-06 14:12:17 -0700
Processing by MainController#homepage as HTML
  Rendering html template
  Rendered html template (Duration: 0.2ms | Allocations: 4)
Completed 200 OK in 7ms (Views: 4.0ms | ActiveRecord: 0.0ms | Allocations: 684)


Started GET "/" for ::1 at 2022-09-06 14:12:18 -0700
Processing by MainController#homepage as HTML
  Rendering html template
  Rendered html template (Duration: 0.0ms | Allocations: 3)
Completed 200 OK in 1ms (Views: 0.5ms | ActiveRecord: 0.0ms | Allocations: 244)


Started GET "/" for ::1 at 2022-09-06 14:13:40 -0700
Processing by MainController#homepage as HTML
  Rendering layout layouts/application.html.erb
  Rendering main/homepage.html.erb within layouts/application
  Rendered main/homepage.html.erb within layouts/application (Duration: 1.9ms | Allocations: 127)
  Rendered layout layouts/application.html.erb (Duration: 2127.4ms | Allocations: 93112)
Completed 200 OK in 2136ms (Views: 2132.4ms | ActiveRecord: 0.0ms | Allocations: 94183)


Started GET "/" for ::1 at 2022-09-06 14:14:33 -0700
Processing by MainController#homepage as HTML
  Rendering layout layouts/application.html.erb
  Rendering main/homepage.html.erb within layouts/application
  Rendered main/homepage.html.erb within layouts/application (Duration: 2.1ms | Allocations: 137)
  Rendered layout layouts/application.html.erb (Duration: 62.0ms | Allocations: 14272)
Completed 200 OK in 70ms (Views: 66.6ms | ActiveRecord: 0.0ms | Allocations: 15335)


Started GET "/" for ::1 at 2022-09-06 14:16:33 -0700
Processing by MainController#homepage as HTML
  Rendering layout layouts/application.html.erb
  Rendering main/homepage.html.erb within layouts/application
  Rendered main/homepage.html.erb within layouts/application (Duration: 1.8ms | Allocations: 132)
  Rendered layout layouts/application.html.erb (Duration: 23.5ms | Allocations: 2813)
Completed 200 OK in 37ms (Views: 34.9ms | ActiveRecord: 0.0ms | Allocations: 3844)


Started GET "/" for ::1 at 2022-09-06 14:16:56 -0700
Processing by MainController#homepage as HTML
  Rendering layout layouts/application.html.erb
  Rendering main/homepage.html.erb within layouts/application
  Rendered main/homepage.html.erb within layouts/application (Duration: 3.9ms | Allocations: 136)
  Rendered layout layouts/application.html.erb (Duration: 71.8ms | Allocations: 2809)
Completed 200 OK in 97ms (Views: 93.7ms | ActiveRecord: 0.0ms | Allocations: 3841)


Started GET "/" for ::1 at 2022-09-06 14:16:56 -0700
Processing by MainController#homepage as HTML
  Rendering layout layouts/application.html.erb
  Rendering main/homepage.html.erb within layouts/application
  Rendered main/homepage.html.erb within layouts/application (Duration: 0.2ms | Allocations: 15)
  Rendered layout layouts/application.html.erb (Duration: 12.5ms | Allocations: 2416)
Completed 200 OK in 15ms (Views: 13.7ms | ActiveRecord: 0.0ms | Allocations: 2736)


Started GET "/" for ::1 at 2022-09-06 14:22:53 -0700
Processing by MainController#homepage as HTML
  Rendering layout layouts/application.html.erb
  Rendering main/homepage.html.erb within layouts/application
  Rendered main/homepage.html.erb within layouts/application (Duration: 1.4ms | Allocations: 136)
  Rendered layout layouts/application.html.erb (Duration: 182.4ms | Allocations: 14256)
Completed 200 OK in 240ms (Views: 225.4ms | Allocations: 15320)


Started GET "/" for ::1 at 2022-09-06 14:23:31 -0700
Processing by MainController#homepage as HTML
  Rendering layout layouts/application.html.erb
  Rendering main/homepage.html.erb within layouts/application
  Rendered main/homepage.html.erb within layouts/application (Duration: 0.1ms | Allocations: 15)
  Rendered layout layouts/application.html.erb (Duration: 14.8ms | Allocations: 2415)
Completed 200 OK in 19ms (Views: 17.0ms | Allocations: 2730)


Started GET "/sam" for ::1 at 2022-09-06 14:23:35 -0700
Processing by MainController#sam as HTML
  Rendering layout layouts/application.html.erb
  Rendering main/sam.html.erb within layouts/application
  Rendered main/sam.html.erb within layouts/application (Duration: 2.4ms | Allocations: 140)
  Rendered layout layouts/application.html.erb (Duration: 12.1ms | Allocations: 2532)
Completed 200 OK in 21ms (Views: 16.2ms | Allocations: 2848)


Started GET "/" for ::1 at 2022-09-06 14:27:47 -0700
Processing by MainController#homepage as HTML
  Rendering layout layouts/application.html.erb
  Rendering main/homepage.html.erb within layouts/application
  Rendered main/homepage.html.erb within layouts/application (Duration: 3.3ms | Allocations: 471)
  Rendered layout layouts/application.html.erb (Duration: 171.6ms | Allocations: 35472)
Completed 200 OK in 213ms (Views: 187.0ms | ActiveRecord: 0.0ms | Allocations: 40831)


Started GET "/sam" for ::1 at 2022-09-06 14:27:49 -0700
Processing by MainController#sam as HTML
  Rendering layout layouts/application.html.erb
  Rendering main/sam.html.erb within layouts/application
  Rendered main/sam.html.erb within layouts/application (Duration: 1.1ms | Allocations: 137)
  Rendered layout layouts/application.html.erb (Duration: 10.0ms | Allocations: 2513)
Completed 200 OK in 15ms (Views: 12.1ms | ActiveRecord: 0.0ms | Allocations: 2838)


Started GET "/sam" for ::1 at 2022-09-06 14:27:51 -0700
Processing by MainController#sam as HTML
  Rendering layout layouts/application.html.erb
  Rendering main/sam.html.erb within layouts/application
  Rendered main/sam.html.erb within layouts/application (Duration: 0.1ms | Allocations: 15)
  Rendered layout layouts/application.html.erb (Duration: 15.5ms | Allocations: 2405)
Completed 200 OK in 18ms (Views: 16.9ms | ActiveRecord: 0.0ms | Allocations: 2727)


Started GET "/" for ::1 at 2022-09-06 14:28:18 -0700
Processing by MainController#homepage as HTML
  Rendering layout layouts/application.html.erb
  Rendering main/homepage.html.erb within layouts/application
  Rendered main/homepage.html.erb within layouts/application (Duration: 1.9ms | Allocations: 220)
  Rendered layout layouts/application.html.erb (Duration: 19.1ms | Allocations: 2898)
Completed 200 OK in 27ms (Views: 24.3ms | ActiveRecord: 0.0ms | Allocations: 3929)


Started GET "/sam" for ::1 at 2022-09-06 14:28:20 -0700
Processing by MainController#sam as HTML
  Rendering layout layouts/application.html.erb
  Rendering main/sam.html.erb within layouts/application
  Rendered main/sam.html.erb within layouts/application (Duration: 2.0ms | Allocations: 138)
  Rendered layout layouts/application.html.erb (Duration: 11.6ms | Allocations: 2523)
Completed 200 OK in 15ms (Views: 12.9ms | ActiveRecord: 0.0ms | Allocations: 2845)


Started GET "/elijah" for ::1 at 2022-09-06 14:28:21 -0700
Processing by MainController#elijah as HTML
  Rendering layout layouts/application.html.erb
  Rendering main/elijah.html.erb within layouts/application
  Rendered main/elijah.html.erb within layouts/application (Duration: 1.1ms | Allocations: 137)
  Rendered layout layouts/application.html.erb (Duration: 11.1ms | Allocations: 2518)
Completed 200 OK in 15ms (Views: 13.0ms | ActiveRecord: 0.0ms | Allocations: 2839)


Started GET "/cubed?number=3" for ::1 at 2022-09-06 14:33:19 -0700
Processing by MainController#cubed as HTML
  Parameters: {"number"=>"3"}
  Rendering layout layouts/application.html.erb
  Rendering main/cubed.html.erb within layouts/application
  Rendered main/cubed.html.erb within layouts/application (Duration: 1.1ms | Allocations: 113)
  Rendered layout layouts/application.html.erb (Duration: 75.3ms | Allocations: 14221)
Completed 200 OK in 88ms (Views: 81.7ms | ActiveRecord: 0.0ms | Allocations: 15299)


Started GET "/cubed?number=3" for ::1 at 2022-09-06 14:35:32 -0700
  
ActionController::RoutingError (No route matches [GET] "/cubed"):
  
Started GET "/cubed/1" for ::1 at 2022-09-06 14:35:50 -0700
Processing by MainController#cubed as HTML
  Parameters: {"number"=>"1"}
  Rendering layout layouts/application.html.erb
  Rendering main/cubed.html.erb within layouts/application
  Rendered main/cubed.html.erb within layouts/application (Duration: 1.1ms | Allocations: 123)
  Rendered layout layouts/application.html.erb (Duration: 63.7ms | Allocations: 14331)
Completed 200 OK in 73ms (Views: 70.6ms | ActiveRecord: 0.0ms | Allocations: 15361)


Started GET "/cubed/2" for ::1 at 2022-09-06 14:38:32 -0700
  
SyntaxError (/Users/learnacademy/Desktop/rails-challenges/routes_controllers_views_params-sam-elijah/app/controllers/main_controller.rb:7: syntax error, unexpected `end'
    end
    ^~~
/Users/learnacademy/Desktop/rails-challenges/routes_controllers_views_params-sam-elijah/app/controllers/main_controller.rb:9: syntax error, unexpected end-of-input, expecting `end'):
  
app/controllers/main_controller.rb:7: syntax error, unexpected `end'
app/controllers/main_controller.rb:9: syntax error, unexpected end-of-input, expecting `end'
app/controllers/main_controller.rb:7: syntax error, unexpected `end'
app/controllers/main_controller.rb:9: syntax error, unexpected end-of-input, expecting `end'
app/controllers/main_controller.rb:7: syntax error, unexpected `end'
app/controllers/main_controller.rb:9: syntax error, unexpected end-of-input, expecting `end'
Started GET "/cubed/2" for ::1 at 2022-09-06 14:38:55 -0700
  
SyntaxError (/Users/learnacademy/Desktop/rails-challenges/routes_controllers_views_params-sam-elijah/app/controllers/main_controller.rb:7: syntax error, unexpected string literal, expecting `do' or '{' or '('
       render "cubed.html.erb"
              ^
):
  
app/controllers/main_controller.rb:7: syntax error, unexpected string literal, expecting `do' or '{' or '('
app/controllers/main_controller.rb:7: syntax error, unexpected string literal, expecting `do' or '{' or '('
app/controllers/main_controller.rb:7: syntax error, unexpected string literal, expecting `do' or '{' or '('
Started GET "/cubed/2" for ::1 at 2022-09-06 14:39:22 -0700
  
SyntaxError (/Users/learnacademy/Desktop/rails-challenges/routes_controllers_views_params-sam-elijah/app/controllers/main_controller.rb:7: syntax error, unexpected string literal, expecting `do' or '{' or '('
    render "cubed.html.erb"
           ^
/Users/learnacademy/Desktop/rails-challenges/routes_controllers_views_params-sam-elijah/app/controllers/main_controller.rb:8: syntax error, unexpected end-of-input, expecting `end'):
  
app/controllers/main_controller.rb:7: syntax error, unexpected string literal, expecting `do' or '{' or '('
app/controllers/main_controller.rb:8: syntax error, unexpected end-of-input, expecting `end'
app/controllers/main_controller.rb:7: syntax error, unexpected string literal, expecting `do' or '{' or '('
app/controllers/main_controller.rb:8: syntax error, unexpected end-of-input, expecting `end'
app/controllers/main_controller.rb:7: syntax error, unexpected string literal, expecting `do' or '{' or '('
app/controllers/main_controller.rb:8: syntax error, unexpected end-of-input, expecting `end'
Started GET "/cubed/2" for ::1 at 2022-09-06 14:39:38 -0700
  
SyntaxError (/Users/learnacademy/Desktop/rails-challenges/routes_controllers_views_params-sam-elijah/app/controllers/main_controller.rb:7: syntax error, unexpected `end'
    end
    ^~~
/Users/learnacademy/Desktop/rails-challenges/routes_controllers_views_params-sam-elijah/app/controllers/main_controller.rb:9: syntax error, unexpected end-of-input, expecting `end'):
  
app/controllers/main_controller.rb:7: syntax error, unexpected `end'
app/controllers/main_controller.rb:9: syntax error, unexpected end-of-input, expecting `end'
app/controllers/main_controller.rb:7: syntax error, unexpected `end'
app/controllers/main_controller.rb:9: syntax error, unexpected end-of-input, expecting `end'
app/controllers/main_controller.rb:7: syntax error, unexpected `end'
app/controllers/main_controller.rb:9: syntax error, unexpected end-of-input, expecting `end'
Started GET "/cubed/2" for ::1 at 2022-09-06 14:40:22 -0700
  
SyntaxError (/Users/learnacademy/Desktop/rails-challenges/routes_controllers_views_params-sam-elijah/app/controllers/main_controller.rb:7: syntax error, unexpected `end'
    end
    ^~~
/Users/learnacademy/Desktop/rails-challenges/routes_controllers_views_params-sam-elijah/app/controllers/main_controller.rb:9: syntax error, unexpected end-of-input, expecting `end'):
  
app/controllers/main_controller.rb:7: syntax error, unexpected `end'
app/controllers/main_controller.rb:9: syntax error, unexpected end-of-input, expecting `end'
app/controllers/main_controller.rb:7: syntax error, unexpected `end'
app/controllers/main_controller.rb:9: syntax error, unexpected end-of-input, expecting `end'
app/controllers/main_controller.rb:7: syntax error, unexpected `end'
app/controllers/main_controller.rb:9: syntax error, unexpected end-of-input, expecting `end'
Started GET "/cubed/2" for ::1 at 2022-09-06 14:40:31 -0700
  
SyntaxError (/Users/learnacademy/Desktop/rails-challenges/routes_controllers_views_params-sam-elijah/app/controllers/main_controller.rb:7: syntax error, unexpected `end'
    end
    ^~~
/Users/learnacademy/Desktop/rails-challenges/routes_controllers_views_params-sam-elijah/app/controllers/main_controller.rb:9: syntax error, unexpected end-of-input, expecting `end'):
  
app/controllers/main_controller.rb:7: syntax error, unexpected `end'
app/controllers/main_controller.rb:9: syntax error, unexpected end-of-input, expecting `end'
app/controllers/main_controller.rb:7: syntax error, unexpected `end'
app/controllers/main_controller.rb:9: syntax error, unexpected end-of-input, expecting `end'
app/controllers/main_controller.rb:7: syntax error, unexpected `end'
app/controllers/main_controller.rb:9: syntax error, unexpected end-of-input, expecting `end'
Started GET "/cubed/2" for ::1 at 2022-09-06 14:40:34 -0700
  
SyntaxError (/Users/learnacademy/Desktop/rails-challenges/routes_controllers_views_params-sam-elijah/app/controllers/main_controller.rb:7: syntax error, unexpected `end'
    end
    ^~~
/Users/learnacademy/Desktop/rails-challenges/routes_controllers_views_params-sam-elijah/app/controllers/main_controller.rb:9: syntax error, unexpected end-of-input, expecting `end'):
  
app/controllers/main_controller.rb:7: syntax error, unexpected `end'
app/controllers/main_controller.rb:9: syntax error, unexpected end-of-input, expecting `end'
app/controllers/main_controller.rb:7: syntax error, unexpected `end'
app/controllers/main_controller.rb:9: syntax error, unexpected end-of-input, expecting `end'
app/controllers/main_controller.rb:7: syntax error, unexpected `end'
app/controllers/main_controller.rb:9: syntax error, unexpected end-of-input, expecting `end'
Started GET "/cubed/2" for ::1 at 2022-09-06 14:40:43 -0700
  
SyntaxError (/Users/learnacademy/Desktop/rails-challenges/routes_controllers_views_params-sam-elijah/app/controllers/main_controller.rb:7: syntax error, unexpected `end'
    end
    ^~~
/Users/learnacademy/Desktop/rails-challenges/routes_controllers_views_params-sam-elijah/app/controllers/main_controller.rb:9: syntax error, unexpected end-of-input, expecting `end'):
  
app/controllers/main_controller.rb:7: syntax error, unexpected `end'
app/controllers/main_controller.rb:9: syntax error, unexpected end-of-input, expecting `end'
app/controllers/main_controller.rb:7: syntax error, unexpected `end'
app/controllers/main_controller.rb:9: syntax error, unexpected end-of-input, expecting `end'
app/controllers/main_controller.rb:7: syntax error, unexpected `end'
app/controllers/main_controller.rb:9: syntax error, unexpected end-of-input, expecting `end'
Started GET "/cubed/2" for ::1 at 2022-09-06 14:40:46 -0700
  
SyntaxError (/Users/learnacademy/Desktop/rails-challenges/routes_controllers_views_params-sam-elijah/app/controllers/main_controller.rb:7: syntax error, unexpected string literal, expecting `do' or '{' or '('
       render "cubed.html.erb"
              ^
/Users/learnacademy/Desktop/rails-challenges/routes_controllers_views_params-sam-elijah/app/controllers/main_controller.rb:8: syntax error, unexpected end-of-input, expecting `end'):
  
app/controllers/main_controller.rb:7: syntax error, unexpected string literal, expecting `do' or '{' or '('
app/controllers/main_controller.rb:8: syntax error, unexpected end-of-input, expecting `end'
app/controllers/main_controller.rb:7: syntax error, unexpected string literal, expecting `do' or '{' or '('
app/controllers/main_controller.rb:8: syntax error, unexpected end-of-input, expecting `end'
app/controllers/main_controller.rb:7: syntax error, unexpected string literal, expecting `do' or '{' or '('
app/controllers/main_controller.rb:8: syntax error, unexpected end-of-input, expecting `end'
Started GET "/cubed/2" for ::1 at 2022-09-06 14:43:06 -0700
  
SyntaxError (/Users/learnacademy/Desktop/rails-challenges/routes_controllers_views_params-sam-elijah/app/controllers/main_controller.rb:6: syntax error, unexpected '='
       @number** = @result_string
                 ^
):
  
app/controllers/main_controller.rb:6: syntax error, unexpected '='
app/controllers/main_controller.rb:6: syntax error, unexpected '='
app/controllers/main_controller.rb:6: syntax error, unexpected '='
Started GET "/cubed/2" for ::1 at 2022-09-06 14:43:17 -0700
  
SyntaxError (/Users/learnacademy/Desktop/rails-challenges/routes_controllers_views_params-sam-elijah/app/controllers/main_controller.rb:6: syntax error, unexpected '='
       number** = @result_string
                ^
):
  
app/controllers/main_controller.rb:6: syntax error, unexpected '='
app/controllers/main_controller.rb:6: syntax error, unexpected '='
app/controllers/main_controller.rb:6: syntax error, unexpected '='
Started GET "/cubed/2" for ::1 at 2022-09-06 14:43:26 -0700
  
SyntaxError (/Users/learnacademy/Desktop/rails-challenges/routes_controllers_views_params-sam-elijah/app/controllers/main_controller.rb:6: syntax error, unexpected '='
       number** = @result_string
                ^
):
  
app/controllers/main_controller.rb:6: syntax error, unexpected '='
app/controllers/main_controller.rb:6: syntax error, unexpected '='
app/controllers/main_controller.rb:6: syntax error, unexpected '='
Started GET "/cubed/2" for ::1 at 2022-09-06 14:43:29 -0700
  
SyntaxError (/Users/learnacademy/Desktop/rails-challenges/routes_controllers_views_params-sam-elijah/app/controllers/main_controller.rb:6: syntax error, unexpected ==
       @number** == @result_string
                 ^~
):
  
app/controllers/main_controller.rb:6: syntax error, unexpected ==
app/controllers/main_controller.rb:6: syntax error, unexpected ==
app/controllers/main_controller.rb:6: syntax error, unexpected ==
Started GET "/cubed/2" for ::1 at 2022-09-06 14:44:26 -0700
  
SyntaxError (/Users/learnacademy/Desktop/rails-challenges/routes_controllers_views_params-sam-elijah/app/controllers/main_controller.rb:7: syntax error, unexpected `end'
    end
    ^~~
/Users/learnacademy/Desktop/rails-challenges/routes_controllers_views_params-sam-elijah/app/controllers/main_controller.rb:9: syntax error, unexpected end-of-input, expecting `end'):
  
app/controllers/main_controller.rb:7: syntax error, unexpected `end'
app/controllers/main_controller.rb:9: syntax error, unexpected end-of-input, expecting `end'
app/controllers/main_controller.rb:7: syntax error, unexpected `end'
app/controllers/main_controller.rb:9: syntax error, unexpected end-of-input, expecting `end'
app/controllers/main_controller.rb:7: syntax error, unexpected `end'
app/controllers/main_controller.rb:9: syntax error, unexpected end-of-input, expecting `end'
Started GET "/cubed/2" for ::1 at 2022-09-06 14:44:37 -0700
  
SyntaxError (/Users/learnacademy/Desktop/rails-challenges/routes_controllers_views_params-sam-elijah/app/controllers/main_controller.rb:7: syntax error, unexpected string literal, expecting `do' or '{' or '('
       render "cubed.html.erb"
              ^
/Users/learnacademy/Desktop/rails-challenges/routes_controllers_views_params-sam-elijah/app/controllers/main_controller.rb:8: syntax error, unexpected end-of-input, expecting `end'):
  
app/controllers/main_controller.rb:7: syntax error, unexpected string literal, expecting `do' or '{' or '('
app/controllers/main_controller.rb:8: syntax error, unexpected end-of-input, expecting `end'
app/controllers/main_controller.rb:7: syntax error, unexpected string literal, expecting `do' or '{' or '('
app/controllers/main_controller.rb:8: syntax error, unexpected end-of-input, expecting `end'
app/controllers/main_controller.rb:7: syntax error, unexpected string literal, expecting `do' or '{' or '('
app/controllers/main_controller.rb:8: syntax error, unexpected end-of-input, expecting `end'
Started GET "/" for ::1 at 2022-09-06 14:45:32 -0700
  
SyntaxError (/Users/learnacademy/Desktop/rails-challenges/routes_controllers_views_params-sam-elijah/app/controllers/main_controller.rb:7: syntax error, unexpected `end'
    end
    ^~~
/Users/learnacademy/Desktop/rails-challenges/routes_controllers_views_params-sam-elijah/app/controllers/main_controller.rb:9: syntax error, unexpected end-of-input, expecting `end'):
  
app/controllers/main_controller.rb:7: syntax error, unexpected `end'
app/controllers/main_controller.rb:9: syntax error, unexpected end-of-input, expecting `end'
app/controllers/main_controller.rb:7: syntax error, unexpected `end'
app/controllers/main_controller.rb:9: syntax error, unexpected end-of-input, expecting `end'
app/controllers/main_controller.rb:7: syntax error, unexpected `end'
app/controllers/main_controller.rb:9: syntax error, unexpected end-of-input, expecting `end'
Started GET "/" for ::1 at 2022-09-06 14:45:53 -0700
  
SyntaxError (/Users/learnacademy/Desktop/rails-challenges/routes_controllers_views_params-sam-elijah/app/controllers/main_controller.rb:7: syntax error, unexpected `end'
    end
    ^~~
):
  
app/controllers/main_controller.rb:7: syntax error, unexpected `end'
app/controllers/main_controller.rb:7: syntax error, unexpected `end'
app/controllers/main_controller.rb:7: syntax error, unexpected `end'
Started GET "/" for ::1 at 2022-09-06 14:45:59 -0700
  
SyntaxError (/Users/learnacademy/Desktop/rails-challenges/routes_controllers_views_params-sam-elijah/app/controllers/main_controller.rb:7: syntax error, unexpected `end'
    end
    ^~~
):
  
app/controllers/main_controller.rb:7: syntax error, unexpected `end'
app/controllers/main_controller.rb:7: syntax error, unexpected `end'
app/controllers/main_controller.rb:7: syntax error, unexpected `end'
Started GET "/" for ::1 at 2022-09-06 14:46:27 -0700
Processing by MainController#homepage as HTML
  Rendering layout layouts/application.html.erb
  Rendering main/homepage.html.erb within layouts/application
  Rendered main/homepage.html.erb within layouts/application (Duration: 47.6ms | Allocations: 216)
  Rendered layout layouts/application.html.erb (Duration: 158.9ms | Allocations: 14421)
Completed 200 OK in 168ms (Views: 165.7ms | ActiveRecord: 0.0ms | Allocations: 15440)


Started GET "/cubed/2" for ::1 at 2022-09-06 14:46:37 -0700
Processing by MainController#cubed as HTML
  Parameters: {"number"=>"2"}
  Rendering layout layouts/application.html.erb
  Rendering main/cubed.html.erb within layouts/application
  Rendered main/cubed.html.erb within layouts/application (Duration: 1.4ms | Allocations: 115)
  Rendered layout layouts/application.html.erb (Duration: 54.4ms | Allocations: 14022)
Completed 200 OK in 63ms (Views: 60.0ms | ActiveRecord: 0.0ms | Allocations: 14860)


Started GET "/cubed/2" for ::1 at 2022-09-06 14:48:28 -0700
Processing by MainController#cubed as HTML
  Parameters: {"number"=>"2"}
  Rendering layout layouts/application.html.erb
  Rendering main/cubed.html.erb within layouts/application
  Rendered main/cubed.html.erb within layouts/application (Duration: 1.8ms | Allocations: 142)
  Rendered layout layouts/application.html.erb (Duration: 21.1ms | Allocations: 2820)
Completed 200 OK in 30ms (Views: 27.2ms | ActiveRecord: 0.0ms | Allocations: 3862)


Started GET "/cubed/2" for ::1 at 2022-09-06 14:48:30 -0700
Processing by MainController#cubed as HTML
  Parameters: {"number"=>"2"}
  Rendering layout layouts/application.html.erb
  Rendering main/cubed.html.erb within layouts/application
  Rendered main/cubed.html.erb within layouts/application (Duration: 0.2ms | Allocations: 16)
  Rendered layout layouts/application.html.erb (Duration: 10.1ms | Allocations: 2390)
Completed 200 OK in 13ms (Views: 11.2ms | ActiveRecord: 0.0ms | Allocations: 2720)


Started GET "/cubed/2" for ::1 at 2022-09-06 14:49:05 -0700
Processing by MainController#cubed as HTML
  Parameters: {"number"=>"2"}
  Rendering layout layouts/application.html.erb
  Rendering main/cubed.html.erb within layouts/application
  Rendered main/cubed.html.erb within layouts/application (Duration: 10.6ms | Allocations: 2240)
  Rendered layout layouts/application.html.erb (Duration: 11.8ms | Allocations: 2319)
Completed 500 Internal Server Error in 24ms (ActiveRecord: 0.0ms | Allocations: 3342)


  
ActionView::Template::Error (undefined method `**' for "2":String
Did you mean?  *):
    1: <p><%=@number**@number%></p>
  
app/views/main/cubed.html.erb:1
Started GET "/cubed/2" for ::1 at 2022-09-06 14:49:59 -0700
Processing by MainController#cubed as HTML
  Parameters: {"number"=>"2"}
Completed 500 Internal Server Error in 29ms (ActiveRecord: 0.0ms | Allocations: 1536)


  
NoMethodError (undefined method `**' for "2":String
Did you mean?  *):
  
app/controllers/main_controller.rb:6:in `cubed'
Started GET "/cubed/2" for ::1 at 2022-09-06 14:50:37 -0700
Processing by MainController#cubed as HTML
  Parameters: {"number"=>"2"}
  Rendering layout layouts/application.html.erb
  Rendering main/cubed.html.erb within layouts/application
  Rendered main/cubed.html.erb within layouts/application (Duration: 0.7ms | Allocations: 141)
  Rendered layout layouts/application.html.erb (Duration: 54.8ms | Allocations: 14366)
Completed 200 OK in 60ms (Views: 58.7ms | ActiveRecord: 0.0ms | Allocations: 15395)


Started GET "/cubed/9" for ::1 at 2022-09-06 14:50:46 -0700
Processing by MainController#cubed as HTML
  Parameters: {"number"=>"9"}
  Rendering layout layouts/application.html.erb
  Rendering main/cubed.html.erb within layouts/application
  Rendered main/cubed.html.erb within layouts/application (Duration: 0.1ms | Allocations: 17)
  Rendered layout layouts/application.html.erb (Duration: 18.1ms | Allocations: 2395)
Completed 200 OK in 24ms (Views: 20.6ms | ActiveRecord: 0.0ms | Allocations: 2724)


Started GET "/cubed/9" for ::1 at 2022-09-06 14:51:07 -0700
Processing by MainController#cubed as HTML
  Parameters: {"number"=>"9"}
  Rendering layout layouts/application.html.erb
  Rendering main/cubed.html.erb within layouts/application
  Rendered main/cubed.html.erb within layouts/application (Duration: 1.5ms | Allocations: 143)
  Rendered layout layouts/application.html.erb (Duration: 14.9ms | Allocations: 2805)
Completed 200 OK in 24ms (Views: 19.5ms | ActiveRecord: 0.0ms | Allocations: 3847)


Started GET "/" for ::1 at 2022-09-06 14:51:48 -0700
Processing by MainController#homepage as HTML
  Rendering layout layouts/application.html.erb
  Rendering main/homepage.html.erb within layouts/application
  Rendered main/homepage.html.erb within layouts/application (Duration: 2.3ms | Allocations: 210)
  Rendered layout layouts/application.html.erb (Duration: 53.2ms | Allocations: 2616)
Completed 200 OK in 62ms (Views: 60.2ms | ActiveRecord: 0.0ms | Allocations: 2992)


Started GET "/elijah" for ::1 at 2022-09-06 14:51:50 -0700
Processing by MainController#elijah as HTML
  Rendering layout layouts/application.html.erb
  Rendering main/elijah.html.erb within layouts/application
  Rendered main/elijah.html.erb within layouts/application (Duration: 1.3ms | Allocations: 141)
  Rendered layout layouts/application.html.erb (Duration: 15.1ms | Allocations: 2528)
Completed 200 OK in 18ms (Views: 16.5ms | ActiveRecord: 0.0ms | Allocations: 2849)


Started GET "/sam" for ::1 at 2022-09-06 14:51:52 -0700
Processing by MainController#sam as HTML
  Rendering layout layouts/application.html.erb
  Rendering main/sam.html.erb within layouts/application
  Rendered main/sam.html.erb within layouts/application (Duration: 1.4ms | Allocations: 138)
  Rendered layout layouts/application.html.erb (Duration: 22.0ms | Allocations: 2539)
Completed 200 OK in 29ms (Views: 25.0ms | ActiveRecord: 0.0ms | Allocations: 2860)


Started GET "/evenly/1/3" for ::1 at 2022-09-06 14:58:51 -0700
Processing by MainController#evenly as HTML
  Parameters: {"number1"=>"1", "number2"=>"3"}
  Rendering layout layouts/application.html.erb
  Rendering main/evenly.html.erb within layouts/application
  Rendered main/evenly.html.erb within layouts/application (Duration: 0.9ms | Allocations: 141)
  Rendered layout layouts/application.html.erb (Duration: 48.1ms | Allocations: 14340)
Completed 200 OK in 54ms (Views: 51.5ms | Allocations: 15420)


Started GET "/evenly/5/10" for ::1 at 2022-09-06 14:59:01 -0700
Processing by MainController#evenly as HTML
  Parameters: {"number1"=>"5", "number2"=>"10"}
  Rendering layout layouts/application.html.erb
  Rendering main/evenly.html.erb within layouts/application
  Rendered main/evenly.html.erb within layouts/application (Duration: 0.1ms | Allocations: 17)
  Rendered layout layouts/application.html.erb (Duration: 11.0ms | Allocations: 2390)
Completed 200 OK in 13ms (Views: 12.1ms | Allocations: 2723)


Started GET "/evenly/10/5" for ::1 at 2022-09-06 14:59:09 -0700
Processing by MainController#evenly as HTML
  Parameters: {"number1"=>"10", "number2"=>"5"}
  Rendering layout layouts/application.html.erb
  Rendering main/evenly.html.erb within layouts/application
  Rendered main/evenly.html.erb within layouts/application (Duration: 0.1ms | Allocations: 17)
  Rendered layout layouts/application.html.erb (Duration: 6.7ms | Allocations: 2411)
Completed 200 OK in 9ms (Views: 7.7ms | Allocations: 2744)


Started GET "/palindrome/racecar" for ::1 at 2022-09-06 15:02:14 -0700
  
ActionController::RoutingError (No route matches [GET] "/palindrome/racecar"):
  
Started GET "/palindrome/racecar" for ::1 at 2022-09-06 15:02:51 -0700
  
ArgumentError (Missing :action key on routes definition, please check your routes.):
  
config/routes.rb:9:in `block in <main>'
config/routes.rb:1:in `<main>'
Started GET "/palindrome/racecar" for ::1 at 2022-09-06 15:02:54 -0700
Processing by MainController#palindrome as HTML
  Parameters: {"string"=>"racecar"}
  Rendering layout layouts/application.html.erb
  Rendering main/palindrome.html.erb within layouts/application
  Rendered main/palindrome.html.erb within layouts/application (Duration: 1.5ms | Allocations: 143)
  Rendered layout layouts/application.html.erb (Duration: 207.6ms | Allocations: 14360)
Completed 200 OK in 222ms (Views: 218.1ms | Allocations: 15396)


Started GET "/palindrome/Racecar" for ::1 at 2022-09-06 15:03:01 -0700
Processing by MainController#palindrome as HTML
  Parameters: {"string"=>"Racecar"}
  Rendering layout layouts/application.html.erb
  Rendering main/palindrome.html.erb within layouts/application
  Rendered main/palindrome.html.erb within layouts/application (Duration: 0.5ms | Allocations: 17)
  Rendered layout layouts/application.html.erb (Duration: 24.0ms | Allocations: 2410)
Completed 200 OK in 27ms (Views: 25.4ms | Allocations: 2742)


Started GET "/palindrome/wegnapwieg" for ::1 at 2022-09-06 15:03:07 -0700
Processing by MainController#palindrome as HTML
  Parameters: {"string"=>"wegnapwieg"}
  Rendering layout layouts/application.html.erb
  Rendering main/palindrome.html.erb within layouts/application
  Rendered main/palindrome.html.erb within layouts/application (Duration: 0.2ms | Allocations: 17)
  Rendered layout layouts/application.html.erb (Duration: 13.3ms | Allocations: 2402)
Completed 200 OK in 18ms (Views: 15.1ms | Allocations: 2734)


Started GET "/" for ::1 at 2022-09-06 15:09:46 -0700
Processing by MainController#homepage as HTML
  Rendering layout layouts/application.html.erb
  Rendering main/homepage.html.erb within layouts/application
  Rendered main/homepage.html.erb within layouts/application (Duration: 2.6ms | Allocations: 216)
  Rendered layout layouts/application.html.erb (Duration: 171.5ms | Allocations: 14335)
Completed 200 OK in 199ms (Views: 178.7ms | Allocations: 15394)


Started GET "/madlib/kelly/studying/large/quickly" for ::1 at 2022-09-06 15:10:14 -0700
Processing by MainController#madlib as HTML
  Parameters: {"noun"=>"kelly", "verb"=>"studying", "adjective"=>"large", "adverb"=>"quickly"}
  Rendering layout layouts/application.html.erb
  Rendering main/madlib.html.erb within layouts/application
  Rendered main/madlib.html.erb within layouts/application (Duration: 2.2ms | Allocations: 135)
  Rendered layout layouts/application.html.erb (Duration: 14.9ms | Allocations: 2516)
Completed 200 OK in 20ms (Views: 16.4ms | Allocations: 2908)


